  stdafx.cpp
  LoadPng.cpp
f:\job\kpu\4 - 1\전공특강 (glsl)\glsl_kpu\실습\lecture extra 04_1\glslbase\loadpng.cpp(800): warning C4334: '<<': 32비트 시프트의 결과가 암시적으로 64비트로 변환됩니다. 64비트 시프트를 사용하시겠습니까?
f:\job\kpu\4 - 1\전공특강 (glsl)\glsl_kpu\실습\lecture extra 04_1\glslbase\loadpng.cpp(1462): warning C4267: '=': 'size_t'에서 'int'(으)로 변환하면서 데이터가 손실될 수 있습니다.
f:\job\kpu\4 - 1\전공특강 (glsl)\glsl_kpu\실습\lecture extra 04_1\glslbase\loadpng.cpp(1466): warning C4267: '=': 'size_t'에서 'int'(으)로 변환하면서 데이터가 손실될 수 있습니다.
f:\job\kpu\4 - 1\전공특강 (glsl)\glsl_kpu\실습\lecture extra 04_1\glslbase\loadpng.cpp(1538): warning C4267: '=': 'size_t'에서 'unsigned int'(으)로 변환하면서 데이터가 손실될 수 있습니다.
f:\job\kpu\4 - 1\전공특강 (glsl)\glsl_kpu\실습\lecture extra 04_1\glslbase\loadpng.cpp(3483): warning C4334: '<<': 32비트 시프트의 결과가 암시적으로 64비트로 변환됩니다. 64비트 시프트를 사용하시겠습니까?
f:\job\kpu\4 - 1\전공특강 (glsl)\glsl_kpu\실습\lecture extra 04_1\glslbase\loadpng.cpp(3497): warning C4267: '인수': 'size_t'에서 'unsigned int'(으)로 변환하면서 데이터가 손실될 수 있습니다.
f:\job\kpu\4 - 1\전공특강 (glsl)\glsl_kpu\실습\lecture extra 04_1\glslbase\loadpng.cpp(4338): warning C4267: '=': 'size_t'에서 'unsigned int'(으)로 변환하면서 데이터가 손실될 수 있습니다.
f:\job\kpu\4 - 1\전공특강 (glsl)\glsl_kpu\실습\lecture extra 04_1\glslbase\loadpng.cpp(4386): warning C4267: '=': 'size_t'에서 'unsigned int'(으)로 변환하면서 데이터가 손실될 수 있습니다.
f:\job\kpu\4 - 1\전공특강 (glsl)\glsl_kpu\실습\lecture extra 04_1\glslbase\loadpng.cpp(4466): warning C4267: '=': 'size_t'에서 'unsigned int'(으)로 변환하면서 데이터가 손실될 수 있습니다.
f:\job\kpu\4 - 1\전공특강 (glsl)\glsl_kpu\실습\lecture extra 04_1\glslbase\loadpng.cpp(5409): warning C4267: '초기화 중': 'size_t'에서 'unsigned int'(으)로 변환하면서 데이터가 손실될 수 있습니다.
  Renderer.cpp
f:\job\kpu\4 - 1\전공특강 (glsl)\glsl_kpu\실습\lecture extra 04_1\glslbase\renderer.cpp(264): warning C4244: '=': 'double'에서 'float'(으)로 변환하면서 데이터가 손실될 수 있습니다.
f:\job\kpu\4 - 1\전공특강 (glsl)\glsl_kpu\실습\lecture extra 04_1\glslbase\renderer.cpp(265): warning C4244: '=': 'double'에서 'float'(으)로 변환하면서 데이터가 손실될 수 있습니다.
f:\job\kpu\4 - 1\전공특강 (glsl)\glsl_kpu\실습\lecture extra 04_1\glslbase\renderer.cpp(426): warning C4267: '=': 'size_t'에서 'GLint'(으)로 변환하면서 데이터가 손실될 수 있습니다.
f:\job\kpu\4 - 1\전공특강 (glsl)\glsl_kpu\실습\lecture extra 04_1\glslbase\renderer.cpp(737): warning C4244: '인수': 'GLfloat'에서 'GLint'(으)로 변환하면서 데이터가 손실될 수 있습니다.
  GLSLBase.cpp
f:\job\kpu\4 - 1\전공특강 (glsl)\glsl_kpu\실습\lecture extra 04_1\glslbase\glslbase.cpp(45): warning C4838: 'double'에서 'float'(으)로의 변환에는 축소 변환이 필요합니다.
f:\job\kpu\4 - 1\전공특강 (glsl)\glsl_kpu\실습\lecture extra 04_1\glslbase\glslbase.cpp(45): warning C4305: '초기화 중': 'double'에서 'float'(으)로 잘립니다.
f:\job\kpu\4 - 1\전공특강 (glsl)\glsl_kpu\실습\lecture extra 04_1\glslbase\glslbase.cpp(97): warning C4065: switch문에 'default'가 있으나 'case' 레이블이 없습니다.
  코드를 생성하고 있습니다...
  LINK : F:\Job\KPU\4 - 1\전공특강 (GLSL)\GLSL_KPU\실습\Lecture Extra 04_1\x64\Debug\GLSLBase.exe을(를) 찾을 수 없거나 마지막 증분 링크에 의해 빌드되지 않았습니다. 전체 링크를 수행하고 있습니다.
LINK : fatal error LNK1104: 'freeglut.lib' 파일을 열 수 없습니다.
