d:\job\kpu\4 - 1\전공특강 (glsl)\glsl_kpu\실습\lecture 01\glslbase\x64\debug\glslbase.pch
d:\job\kpu\4 - 1\전공특강 (glsl)\glsl_kpu\실습\lecture 01\glslbase\x64\debug\vc141.pdb
d:\job\kpu\4 - 1\전공특강 (glsl)\glsl_kpu\실습\lecture 01\glslbase\x64\debug\vc141.idb
d:\job\kpu\4 - 1\전공특강 (glsl)\glsl_kpu\실습\lecture 01\glslbase\x64\debug\stdafx.obj
d:\job\kpu\4 - 1\전공특강 (glsl)\glsl_kpu\실습\lecture 01\glslbase\x64\debug\renderer.obj
d:\job\kpu\4 - 1\전공특강 (glsl)\glsl_kpu\실습\lecture 01\glslbase\x64\debug\glslbase.obj
d:\job\kpu\4 - 1\전공특강 (glsl)\glsl_kpu\실습\lecture 05_1 (vertex shader animation)\glslbase\x64\debug\glslbase.pch
d:\job\kpu\4 - 1\전공특강 (glsl)\glsl_kpu\실습\lecture 05_1 (vertex shader animation)\glslbase\x64\debug\vc141.pdb
d:\job\kpu\4 - 1\전공특강 (glsl)\glsl_kpu\실습\lecture 05_1 (vertex shader animation)\glslbase\x64\debug\vc141.idb
d:\job\kpu\4 - 1\전공특강 (glsl)\glsl_kpu\실습\lecture 05_1 (vertex shader animation)\glslbase\x64\debug\stdafx.obj
d:\job\kpu\4 - 1\전공특강 (glsl)\glsl_kpu\실습\lecture 05_1 (vertex shader animation)\glslbase\x64\debug\renderer.obj
d:\job\kpu\4 - 1\전공특강 (glsl)\glsl_kpu\실습\lecture 05_1 (vertex shader animation)\glslbase\x64\debug\glslbase.obj
d:\job\kpu\4 - 1\전공특강 (glsl)\glsl_kpu\실습\lecture 05_2 (fragment shader animation)\glslbase\x64\debug\glslbase.pch
d:\job\kpu\4 - 1\전공특강 (glsl)\glsl_kpu\실습\lecture 05_2 (fragment shader animation)\glslbase\x64\debug\vc141.pdb
d:\job\kpu\4 - 1\전공특강 (glsl)\glsl_kpu\실습\lecture 05_2 (fragment shader animation)\glslbase\x64\debug\vc141.idb
d:\job\kpu\4 - 1\전공특강 (glsl)\glsl_kpu\실습\lecture 05_2 (fragment shader animation)\glslbase\x64\debug\stdafx.obj
d:\job\kpu\4 - 1\전공특강 (glsl)\glsl_kpu\실습\lecture 05_2 (fragment shader animation)\glslbase\x64\debug\renderer.obj
d:\job\kpu\4 - 1\전공특강 (glsl)\glsl_kpu\실습\lecture 05_2 (fragment shader animation)\glslbase\x64\debug\glslbase.obj
d:\job\kpu\4 - 1\전공특강 (glsl)\glsl_kpu\실습\lecture 01\x64\debug\glslbase.ilk
d:\job\kpu\4 - 1\전공특강 (glsl)\glsl_kpu\실습\lecture 01\x64\debug\glslbase.exe
d:\job\kpu\4 - 1\전공특강 (glsl)\glsl_kpu\실습\lecture 01\x64\debug\glslbase.pdb
d:\job\kpu\4 - 1\전공특강 (glsl)\glsl_kpu\실습\lecture 05_1 (vertex shader animation)\x64\debug\glslbase.exe
d:\job\kpu\4 - 1\전공특강 (glsl)\glsl_kpu\실습\lecture 05_1 (vertex shader animation)\x64\debug\glslbase.ilk
d:\job\kpu\4 - 1\전공특강 (glsl)\glsl_kpu\실습\lecture 05_1 (vertex shader animation)\x64\debug\glslbase.pdb
d:\job\kpu\4 - 1\전공특강 (glsl)\glsl_kpu\실습\lecture 05_2 (fragment shader animation)\x64\debug\glslbase.exe
d:\job\kpu\4 - 1\전공특강 (glsl)\glsl_kpu\실습\lecture 05_2 (fragment shader animation)\x64\debug\glslbase.ilk
d:\job\kpu\4 - 1\전공특강 (glsl)\glsl_kpu\실습\lecture 05_2 (fragment shader animation)\x64\debug\glslbase.pdb
d:\job\kpu\4 - 1\전공특강 (glsl)\glsl_kpu\실습\lecture 05_2 (fragment shader animation)\glslbase\x64\debug\glslbase.tlog\cl.command.1.tlog
d:\job\kpu\4 - 1\전공특강 (glsl)\glsl_kpu\실습\lecture 05_2 (fragment shader animation)\glslbase\x64\debug\glslbase.tlog\cl.read.1.tlog
d:\job\kpu\4 - 1\전공특강 (glsl)\glsl_kpu\실습\lecture 05_2 (fragment shader animation)\glslbase\x64\debug\glslbase.tlog\cl.write.1.tlog
d:\job\kpu\4 - 1\전공특강 (glsl)\glsl_kpu\실습\lecture 05_2 (fragment shader animation)\glslbase\x64\debug\glslbase.tlog\link.command.1.tlog
d:\job\kpu\4 - 1\전공특강 (glsl)\glsl_kpu\실습\lecture 05_2 (fragment shader animation)\glslbase\x64\debug\glslbase.tlog\link.read.1.tlog
d:\job\kpu\4 - 1\전공특강 (glsl)\glsl_kpu\실습\lecture 05_2 (fragment shader animation)\glslbase\x64\debug\glslbase.tlog\link.write.1.tlog
